[debug] [2025-08-22T13:57:34.776Z] ----------------------------------------------------------------------
[debug] [2025-08-22T13:57:34.778Z] Command:       C:\Program Files\nodejs\node.exe C:\Users\moniq\AppData\Roaming\npm\node_modules\firebase-tools\lib\bin\firebase.js deploy --only functions
[debug] [2025-08-22T13:57:34.778Z] CLI Version:   14.12.0
[debug] [2025-08-22T13:57:34.779Z] Platform:      win32
[debug] [2025-08-22T13:57:34.779Z] Node Version:  v20.3.1
[debug] [2025-08-22T13:57:34.779Z] Time:          Fri Aug 22 2025 10:57:34 GMT-0300 (Horário Padrão de Brasília)
[debug] [2025-08-22T13:57:34.779Z] ----------------------------------------------------------------------
[debug] 
[debug] [2025-08-22T13:57:34.898Z] > command requires scopes: ["email","openid","https://www.googleapis.com/auth/cloudplatformprojects.readonly","https://www.googleapis.com/auth/firebase","https://www.googleapis.com/auth/cloud-platform"]
[debug] [2025-08-22T13:57:34.899Z] > authorizing via signed-in user (moniquead95@gmail.com)
[debug] [2025-08-22T13:57:34.899Z] [iam] checking project aura-e6045 for permissions ["cloudfunctions.functions.create","cloudfunctions.functions.delete","cloudfunctions.functions.get","cloudfunctions.functions.list","cloudfunctions.functions.update","cloudfunctions.operations.get","firebase.projects.get"]
[debug] [2025-08-22T13:57:34.899Z] Checked if tokens are valid: true, expires at: 1755874592348
[debug] [2025-08-22T13:57:34.900Z] Checked if tokens are valid: true, expires at: 1755874592348
[debug] [2025-08-22T13:57:34.900Z] >>> [apiv2][query] POST https://cloudresourcemanager.googleapis.com/v1/projects/aura-e6045:testIamPermissions [none]
[debug] [2025-08-22T13:57:34.900Z] >>> [apiv2][(partial)header] POST https://cloudresourcemanager.googleapis.com/v1/projects/aura-e6045:testIamPermissions x-goog-quota-user=projects/aura-e6045
[debug] [2025-08-22T13:57:34.900Z] >>> [apiv2][body] POST https://cloudresourcemanager.googleapis.com/v1/projects/aura-e6045:testIamPermissions {"permissions":["cloudfunctions.functions.create","cloudfunctions.functions.delete","cloudfunctions.functions.get","cloudfunctions.functions.list","cloudfunctions.functions.update","cloudfunctions.operations.get","firebase.projects.get"]}
[debug] [2025-08-22T13:57:35.823Z] <<< [apiv2][status] POST https://cloudresourcemanager.googleapis.com/v1/projects/aura-e6045:testIamPermissions 200
[debug] [2025-08-22T13:57:35.823Z] <<< [apiv2][body] POST https://cloudresourcemanager.googleapis.com/v1/projects/aura-e6045:testIamPermissions {"permissions":["cloudfunctions.functions.create","cloudfunctions.functions.delete","cloudfunctions.functions.get","cloudfunctions.functions.list","cloudfunctions.functions.update","cloudfunctions.operations.get","firebase.projects.get"]}
[debug] [2025-08-22T13:57:35.824Z] Checked if tokens are valid: true, expires at: 1755874592348
[debug] [2025-08-22T13:57:35.824Z] Checked if tokens are valid: true, expires at: 1755874592348
[debug] [2025-08-22T13:57:35.824Z] >>> [apiv2][query] POST https://iam.googleapis.com/v1/projects/aura-e6045/serviceAccounts/aura-e6045@appspot.gserviceaccount.com:testIamPermissions [none]
[debug] [2025-08-22T13:57:35.824Z] >>> [apiv2][body] POST https://iam.googleapis.com/v1/projects/aura-e6045/serviceAccounts/aura-e6045@appspot.gserviceaccount.com:testIamPermissions {"permissions":["iam.serviceAccounts.actAs"]}
[debug] [2025-08-22T13:57:36.763Z] <<< [apiv2][status] POST https://iam.googleapis.com/v1/projects/aura-e6045/serviceAccounts/aura-e6045@appspot.gserviceaccount.com:testIamPermissions 200
[debug] [2025-08-22T13:57:36.763Z] <<< [apiv2][body] POST https://iam.googleapis.com/v1/projects/aura-e6045/serviceAccounts/aura-e6045@appspot.gserviceaccount.com:testIamPermissions {"permissions":["iam.serviceAccounts.actAs"]}
[info] 
[info] === Deploying to 'aura-e6045'...
[info] 
[info] i  deploying functions 
[debug] [2025-08-22T13:57:36.770Z] Checked if tokens are valid: true, expires at: 1755874592348
[debug] [2025-08-22T13:57:36.770Z] Checked if tokens are valid: true, expires at: 1755874592348
[debug] [2025-08-22T13:57:36.770Z] >>> [apiv2][query] GET https://cloudresourcemanager.googleapis.com/v1/projects/aura-e6045 [none]
[debug] [2025-08-22T13:57:36.972Z] <<< [apiv2][status] GET https://cloudresourcemanager.googleapis.com/v1/projects/aura-e6045 200
[debug] [2025-08-22T13:57:36.972Z] <<< [apiv2][body] GET https://cloudresourcemanager.googleapis.com/v1/projects/aura-e6045 {"projectNumber":"733656810098","projectId":"aura-e6045","lifecycleState":"ACTIVE","name":"Aura","labels":{"firebase":"enabled","firebase-core":"disabled"},"createTime":"2025-07-21T16:49:02.468354Z"}
[info] i  functions: preparing codebase default for deployment 
[info] i  functions: ensuring required API cloudfunctions.googleapis.com is enabled... 
[info] i  functions: ensuring required API cloudbuild.googleapis.com is enabled... 
[info] i  artifactregistry: ensuring required API artifactregistry.googleapis.com is enabled... 
[debug] [2025-08-22T13:57:36.977Z] Checked if tokens are valid: true, expires at: 1755874592348
[debug] [2025-08-22T13:57:36.977Z] Checked if tokens are valid: true, expires at: 1755874592348
[debug] [2025-08-22T13:57:36.977Z] >>> [apiv2][query] GET https://firebase.googleapis.com/v1beta1/projects/aura-e6045/adminSdkConfig [none]
[debug] [2025-08-22T13:57:37.480Z] <<< [apiv2][status] GET https://firebase.googleapis.com/v1beta1/projects/aura-e6045/adminSdkConfig 200
[debug] [2025-08-22T13:57:37.481Z] <<< [apiv2][body] GET https://firebase.googleapis.com/v1beta1/projects/aura-e6045/adminSdkConfig {"projectId":"aura-e6045","storageBucket":"aura-e6045.firebasestorage.app"}
[debug] [2025-08-22T13:57:37.481Z] Checked if tokens are valid: true, expires at: 1755874592348
[debug] [2025-08-22T13:57:37.481Z] Checked if tokens are valid: true, expires at: 1755874592348
[debug] [2025-08-22T13:57:37.481Z] >>> [apiv2][query] GET https://runtimeconfig.googleapis.com/v1beta1/projects/aura-e6045/configs [none]
[debug] [2025-08-22T13:57:38.546Z] <<< [apiv2][status] GET https://runtimeconfig.googleapis.com/v1beta1/projects/aura-e6045/configs 200
[debug] [2025-08-22T13:57:38.546Z] <<< [apiv2][body] GET https://runtimeconfig.googleapis.com/v1beta1/projects/aura-e6045/configs {}
[debug] [2025-08-22T13:57:38.549Z] Validating nodejs source
[warn] !  functions: package.json indicates an outdated version of firebase-functions. Please upgrade using npm install --save firebase-functions@latest in your functions directory. 
[warn] !  functions: Please note that there will be breaking changes when you upgrade. 
[debug] [2025-08-22T13:57:39.343Z] > [functions] package.json contents: {
  "name": "functions",
  "scripts": {
    "lint": "eslint --ext .js,.ts .",
    "build": "tsc",
    "build:watch": "tsc --watch",
    "serve": "npm run build && firebase emulators:start --only functions",
    "shell": "npm run build && firebase functions:shell",
    "start": "npm run shell",
    "deploy": "firebase deploy --only functions",
    "logs": "firebase functions:log"
  },
  "engines": {
    "node": "20"
  },
  "main": "lib/index.js",
  "dependencies": {
    "firebase-admin": "^12.0.0",
    "firebase-functions": "^5.0.1"
  },
  "devDependencies": {
    "@typescript-eslint/eslint-plugin": "^5.12.0",
    "@typescript-eslint/parser": "^5.12.0",
    "eslint": "^8.9.0",
    "eslint-config-google": "^0.14.0",
    "eslint-plugin-import": "^2.25.4",
    "firebase-functions-test": "^3.1.0",
    "typescript": "^5.7.3"
  },
  "private": true
}
[debug] [2025-08-22T13:57:39.360Z] Building nodejs source
[info] i  functions: Loading and analyzing source code for codebase default to determine what to deploy 
[debug] [2025-08-22T13:57:39.362Z] Could not find functions.yaml. Must use http discovery
[debug] [2025-08-22T13:57:39.367Z] Found firebase-functions binary at 'C:\Users\moniq\Documents\aura-backend\functions\node_modules\.bin\firebase-functions'
[info] Serving at port 8938

[debug] [2025-08-22T13:57:39.612Z] Got response from /__/functions.yaml {"endpoints":{"createRecurringTransactions":{"availableMemoryMb":null,"timeoutSeconds":null,"minInstances":null,"maxInstances":null,"ingressSettings":null,"concurrency":null,"serviceAccountEmail":null,"vpc":null,"platform":"gcfv2","labels":{},"scheduleTrigger":{"schedule":"every day 01:00","retryConfig":{},"timeZone":"America/Sao_Paulo"},"entryPoint":"createRecurringTransactions"}},"specVersion":"v1alpha1","requiredAPIs":[{"api":"cloudscheduler.googleapis.com","reason":"Needed for scheduled functions."}],"extensions":{}}
[info] i  extensions: ensuring required API firebaseextensions.googleapis.com is enabled... 
[debug] [2025-08-22T13:57:44.631Z] > command requires scopes: ["email","openid","https://www.googleapis.com/auth/cloudplatformprojects.readonly","https://www.googleapis.com/auth/firebase","https://www.googleapis.com/auth/cloud-platform"]
[debug] [2025-08-22T13:57:44.631Z] > authorizing via signed-in user (moniquead95@gmail.com)
[debug] [2025-08-22T13:57:44.631Z] [iam] checking project aura-e6045 for permissions ["firebase.projects.get","firebaseextensions.instances.list"]
[debug] [2025-08-22T13:57:44.631Z] Checked if tokens are valid: true, expires at: 1755874592348
[debug] [2025-08-22T13:57:44.631Z] Checked if tokens are valid: true, expires at: 1755874592348
[debug] [2025-08-22T13:57:44.631Z] >>> [apiv2][query] POST https://cloudresourcemanager.googleapis.com/v1/projects/aura-e6045:testIamPermissions [none]
[debug] [2025-08-22T13:57:44.631Z] >>> [apiv2][(partial)header] POST https://cloudresourcemanager.googleapis.com/v1/projects/aura-e6045:testIamPermissions x-goog-quota-user=projects/aura-e6045
[debug] [2025-08-22T13:57:44.631Z] >>> [apiv2][body] POST https://cloudresourcemanager.googleapis.com/v1/projects/aura-e6045:testIamPermissions {"permissions":["firebase.projects.get","firebaseextensions.instances.list"]}
[debug] [2025-08-22T13:57:45.495Z] <<< [apiv2][status] POST https://cloudresourcemanager.googleapis.com/v1/projects/aura-e6045:testIamPermissions 200
[debug] [2025-08-22T13:57:45.495Z] <<< [apiv2][body] POST https://cloudresourcemanager.googleapis.com/v1/projects/aura-e6045:testIamPermissions {"permissions":["firebase.projects.get","firebaseextensions.instances.list"]}
[debug] [2025-08-22T13:57:45.495Z] Checked if tokens are valid: true, expires at: 1755874592348
[debug] [2025-08-22T13:57:45.495Z] Checked if tokens are valid: true, expires at: 1755874592348
[debug] [2025-08-22T13:57:45.497Z] >>> [apiv2][query] GET https://firebaseextensions.googleapis.com/v1beta/projects/aura-e6045/instances pageSize=100&pageToken=
[debug] [2025-08-22T13:57:46.579Z] <<< [apiv2][status] GET https://firebaseextensions.googleapis.com/v1beta/projects/aura-e6045/instances 200
[debug] [2025-08-22T13:57:46.579Z] <<< [apiv2][body] GET https://firebaseextensions.googleapis.com/v1beta/projects/aura-e6045/instances {}
[info] i  functions: preparing functions directory for uploading... 
[info] i  functions: packaged C:\Users\moniq\Documents\aura-backend\functions (96.64 KB) for uploading 
[debug] [2025-08-22T13:57:46.638Z] Checked if tokens are valid: true, expires at: 1755874592348
[debug] [2025-08-22T13:57:46.638Z] Checked if tokens are valid: true, expires at: 1755874592348
[debug] [2025-08-22T13:57:46.638Z] >>> [apiv2][query] GET https://cloudfunctions.googleapis.com/v1/projects/aura-e6045/locations/-/functions [none]
[debug] [2025-08-22T13:57:47.769Z] <<< [apiv2][status] GET https://cloudfunctions.googleapis.com/v1/projects/aura-e6045/locations/-/functions 200
[debug] [2025-08-22T13:57:47.769Z] <<< [apiv2][body] GET https://cloudfunctions.googleapis.com/v1/projects/aura-e6045/locations/-/functions {}
[debug] [2025-08-22T13:57:47.770Z] Checked if tokens are valid: true, expires at: 1755874592348
[debug] [2025-08-22T13:57:47.770Z] Checked if tokens are valid: true, expires at: 1755874592348
[debug] [2025-08-22T13:57:47.770Z] >>> [apiv2][query] GET https://cloudfunctions.googleapis.com/v2/projects/aura-e6045/locations/-/functions filter=environment%3D%22GEN_2%22
[debug] [2025-08-22T13:57:49.174Z] <<< [apiv2][status] GET https://cloudfunctions.googleapis.com/v2/projects/aura-e6045/locations/-/functions 200
[debug] [2025-08-22T13:57:49.174Z] <<< [apiv2][body] GET https://cloudfunctions.googleapis.com/v2/projects/aura-e6045/locations/-/functions {"functions":[{"name":"projects/aura-e6045/locations/us-central1/functions/createRecurringTransactions","buildConfig":{"build":"projects/733656810098/locations/us-central1/builds/b33592a4-39a5-4a88-8078-1bb78b77a956","runtime":"nodejs22","entryPoint":"createRecurringTransactions","source":{"storageSource":{"bucket":"gcf-v2-sources-733656810098-us-central1","object":"createRecurringTransactions/function-source.zip","generation":"1754330924108576"}},"environmentVariables":{"GOOGLE_NODE_RUN_SCRIPTS":""},"dockerRepository":"projects/aura-e6045/locations/us-central1/repositories/gcf-artifacts","sourceProvenance":{"resolvedStorageSource":{"bucket":"gcf-v2-sources-733656810098-us-central1","object":"createRecurringTransactions/function-source.zip","generation":"1754330924108576"}},"dockerRegistry":"ARTIFACT_REGISTRY","serviceAccount":"projects/aura-e6045/serviceAccounts/733656810098-compute@developer.gserviceaccount.com","automaticUpdatePolicy":{}},"serviceConfig":{"service":"projects/aura-e6045/locations/us-central1/services/createrecurringtransactions","timeoutSeconds":60,"environmentVariables":{"FIREBASE_CONFIG":"{\"projectId\":\"aura-e6045\",\"storageBucket\":\"aura-e6045.firebasestorage.app\"}","GCLOUD_PROJECT":"aura-e6045","EVENTARC_CLOUD_EVENT_SOURCE":"projects/aura-e6045/locations/us-central1/services/createRecurringTransactions","FUNCTION_TARGET":"createRecurringTransactions","LOG_EXECUTION_ID":"true"},"maxInstanceCount":20,"ingressSettings":"ALLOW_ALL","uri":"https://createrecurringtransactions-eh3gqgnlua-uc.a.run.app","serviceAccountEmail":"733656810098-compute@developer.gserviceaccount.com","availableMemory":"256Mi","allTrafficOnLatestRevision":true,"revision":"createrecurringtransactions-00003-rej","maxInstanceRequestConcurrency":80,"availableCpu":"1"},"state":"ACTIVE","updateTime":"2025-08-04T18:10:53.386490526Z","labels":{"firebase-functions-hash":"b24c07a8661966125d9cd3d3b0bbe416d300968b","deployment-tool":"cli-firebase","deployment-scheduled":"true"},"environment":"GEN_2","url":"https://us-central1-aura-e6045.cloudfunctions.net/createRecurringTransactions","createTime":"2025-07-22T17:24:35.498504979Z","satisfiesPzi":true}]}
[info] i  functions: ensuring required API cloudscheduler.googleapis.com is enabled... 
[info] i  functions: ensuring required API run.googleapis.com is enabled... 
[info] i  functions: ensuring required API eventarc.googleapis.com is enabled... 
[info] i  functions: ensuring required API pubsub.googleapis.com is enabled... 
[info] i  functions: ensuring required API storage.googleapis.com is enabled... 
[info] i  functions: generating the service identity for pubsub.googleapis.com... 
[debug] [2025-08-22T13:57:49.183Z] Checked if tokens are valid: true, expires at: 1755874592348
[debug] [2025-08-22T13:57:49.183Z] Checked if tokens are valid: true, expires at: 1755874592348
[info] i  functions: generating the service identity for eventarc.googleapis.com... 
[debug] [2025-08-22T13:57:49.183Z] Checked if tokens are valid: true, expires at: 1755874592348
[debug] [2025-08-22T13:57:49.184Z] Checked if tokens are valid: true, expires at: 1755874592348
[debug] [2025-08-22T13:57:49.184Z] >>> [apiv2][query] POST https://serviceusage.googleapis.com/v1beta1/projects/733656810098/services/pubsub.googleapis.com:generateServiceIdentity [none]
[debug] [2025-08-22T13:57:49.184Z] >>> [apiv2][(partial)header] POST https://serviceusage.googleapis.com/v1beta1/projects/733656810098/services/pubsub.googleapis.com:generateServiceIdentity x-goog-quota-user=projects/733656810098
[debug] [2025-08-22T13:57:49.184Z] >>> [apiv2][body] POST https://serviceusage.googleapis.com/v1beta1/projects/733656810098/services/pubsub.googleapis.com:generateServiceIdentity {}
[debug] [2025-08-22T13:57:49.185Z] >>> [apiv2][query] POST https://serviceusage.googleapis.com/v1beta1/projects/733656810098/services/eventarc.googleapis.com:generateServiceIdentity [none]
[debug] [2025-08-22T13:57:49.186Z] >>> [apiv2][(partial)header] POST https://serviceusage.googleapis.com/v1beta1/projects/733656810098/services/eventarc.googleapis.com:generateServiceIdentity x-goog-quota-user=projects/733656810098
[debug] [2025-08-22T13:57:49.186Z] >>> [apiv2][body] POST https://serviceusage.googleapis.com/v1beta1/projects/733656810098/services/eventarc.googleapis.com:generateServiceIdentity {}
[debug] [2025-08-22T13:57:50.415Z] <<< [apiv2][status] POST https://serviceusage.googleapis.com/v1beta1/projects/733656810098/services/pubsub.googleapis.com:generateServiceIdentity 200
[debug] [2025-08-22T13:57:50.415Z] <<< [apiv2][body] POST https://serviceusage.googleapis.com/v1beta1/projects/733656810098/services/pubsub.googleapis.com:generateServiceIdentity {"name":"operations/finished.DONE_OPERATION","done":true,"response":{"@type":"type.googleapis.com/google.api.serviceusage.v1beta1.ServiceIdentity","email":"service-733656810098@gcp-sa-pubsub.iam.gserviceaccount.com","uniqueId":"111599651625558352061"}}
[debug] [2025-08-22T13:57:50.539Z] <<< [apiv2][status] POST https://serviceusage.googleapis.com/v1beta1/projects/733656810098/services/eventarc.googleapis.com:generateServiceIdentity 200
[debug] [2025-08-22T13:57:50.539Z] <<< [apiv2][body] POST https://serviceusage.googleapis.com/v1beta1/projects/733656810098/services/eventarc.googleapis.com:generateServiceIdentity {"name":"operations/finished.DONE_OPERATION","done":true,"response":{"@type":"type.googleapis.com/google.api.serviceusage.v1beta1.ServiceIdentity","email":"service-733656810098@gcp-sa-eventarc.iam.gserviceaccount.com","uniqueId":"108377150894414574679"}}
[debug] [2025-08-22T13:57:50.542Z] Checked if tokens are valid: true, expires at: 1755874592348
[debug] [2025-08-22T13:57:50.542Z] Checked if tokens are valid: true, expires at: 1755874592348
[debug] [2025-08-22T13:57:50.542Z] >>> [apiv2][query] GET https://cloudresourcemanager.googleapis.com/v1/projects/aura-e6045 [none]
[debug] [2025-08-22T13:57:51.433Z] <<< [apiv2][status] GET https://cloudresourcemanager.googleapis.com/v1/projects/aura-e6045 200
[debug] [2025-08-22T13:57:51.433Z] <<< [apiv2][body] GET https://cloudresourcemanager.googleapis.com/v1/projects/aura-e6045 {"projectNumber":"733656810098","projectId":"aura-e6045","lifecycleState":"ACTIVE","name":"Aura","labels":{"firebase":"enabled","firebase-core":"disabled"},"createTime":"2025-07-21T16:49:02.468354Z"}
[debug] [2025-08-22T13:57:51.434Z] Checked if tokens are valid: true, expires at: 1755874592348
[debug] [2025-08-22T13:57:51.434Z] Checked if tokens are valid: true, expires at: 1755874592348
[debug] [2025-08-22T13:57:51.434Z] >>> [apiv2][query] GET https://compute.googleapis.com/compute/v1/projects/733656810098 [none]
[debug] [2025-08-22T13:57:51.838Z] <<< [apiv2][status] GET https://compute.googleapis.com/compute/v1/projects/733656810098 403
[debug] [2025-08-22T13:57:51.838Z] <<< [apiv2][body] GET https://compute.googleapis.com/compute/v1/projects/733656810098 {"error":{"code":403,"message":"Compute Engine API has not been used in project 733656810098 before or it is disabled. Enable it by visiting https://console.developers.google.com/apis/api/compute.googleapis.com/overview?project=733656810098 then retry. If you enabled this API recently, wait a few minutes for the action to propagate to our systems and retry.","errors":[{"message":"Compute Engine API has not been used in project 733656810098 before or it is disabled. Enable it by visiting https://console.developers.google.com/apis/api/compute.googleapis.com/overview?project=733656810098 then retry. If you enabled this API recently, wait a few minutes for the action to propagate to our systems and retry.","domain":"usageLimits","reason":"accessNotConfigured","extendedHelp":"https://console.developers.google.com"}],"status":"PERMISSION_DENIED","details":[{"@type":"type.googleapis.com/google.rpc.ErrorInfo","reason":"SERVICE_DISABLED","domain":"googleapis.com","metadata":{"activationUrl":"https://console.developers.google.com/apis/api/compute.googleapis.com/overview?project=733656810098","service":"compute.googleapis.com","consumer":"projects/733656810098","serviceTitle":"Compute Engine API","containerInfo":"733656810098"}},{"@type":"type.googleapis.com/google.rpc.LocalizedMessage","locale":"en-US","message":"Compute Engine API has not been used in project 733656810098 before or it is disabled. Enable it by visiting https://console.developers.google.com/apis/api/compute.googleapis.com/overview?project=733656810098 then retry. If you enabled this API recently, wait a few minutes for the action to propagate to our systems and retry."},{"@type":"type.googleapis.com/google.rpc.Help","links":[{"description":"Google developers console API activation","url":"https://console.developers.google.com/apis/api/compute.googleapis.com/overview?project=733656810098"}]}]}}
[debug] [2025-08-22T13:57:51.839Z] unable to look up default compute service account. Falling back to 733656810098-compute@developer.gserviceaccount.com. Error: {"name":"FirebaseError","children":[],"context":{"body":{"error":{"code":403,"message":"Compute Engine API has not been used in project 733656810098 before or it is disabled. Enable it by visiting https://console.developers.google.com/apis/api/compute.googleapis.com/overview?project=733656810098 then retry. If you enabled this API recently, wait a few minutes for the action to propagate to our systems and retry.","errors":[{"message":"Compute Engine API has not been used in project 733656810098 before or it is disabled. Enable it by visiting https://console.developers.google.com/apis/api/compute.googleapis.com/overview?project=733656810098 then retry. If you enabled this API recently, wait a few minutes for the action to propagate to our systems and retry.","domain":"usageLimits","reason":"accessNotConfigured","extendedHelp":"https://console.developers.google.com"}],"status":"PERMISSION_DENIED","details":[{"@type":"type.googleapis.com/google.rpc.ErrorInfo","reason":"SERVICE_DISABLED","domain":"googleapis.com","metadata":{"activationUrl":"https://console.developers.google.com/apis/api/compute.googleapis.com/overview?project=733656810098","service":"compute.googleapis.com","consumer":"projects/733656810098","serviceTitle":"Compute Engine API","containerInfo":"733656810098"}},{"@type":"type.googleapis.com/google.rpc.LocalizedMessage","locale":"en-US","message":"Compute Engine API has not been used in project 733656810098 before or it is disabled. Enable it by visiting https://console.developers.google.com/apis/api/compute.googleapis.com/overview?project=733656810098 then retry. If you enabled this API recently, wait a few minutes for the action to propagate to our systems and retry."},{"@type":"type.googleapis.com/google.rpc.Help","links":[{"description":"Google developers console API activation","url":"https://console.developers.google.com/apis/api/compute.googleapis.com/overview?project=733656810098"}]}]}},"response":{"statusCode":403}},"exit":1,"message":"Request to https://compute.googleapis.com/compute/v1/projects/733656810098 had HTTP Error: 403, Compute Engine API has not been used in project 733656810098 before or it is disabled. Enable it by visiting https://console.developers.google.com/apis/api/compute.googleapis.com/overview?project=733656810098 then retry. If you enabled this API recently, wait a few minutes for the action to propagate to our systems and retry.","status":403}
[debug] [2025-08-22T13:57:51.841Z] Checked if tokens are valid: true, expires at: 1755874592348
[debug] [2025-08-22T13:57:51.841Z] Checked if tokens are valid: true, expires at: 1755874592348
[debug] [2025-08-22T13:57:51.842Z] >>> [apiv2][query] GET https://cloudbilling.googleapis.com/v1/projects/aura-e6045/billingInfo [none]
[debug] [2025-08-22T13:57:53.193Z] <<< [apiv2][status] GET https://cloudbilling.googleapis.com/v1/projects/aura-e6045/billingInfo 200
[debug] [2025-08-22T13:57:53.193Z] <<< [apiv2][body] GET https://cloudbilling.googleapis.com/v1/projects/aura-e6045/billingInfo {"name":"projects/aura-e6045/billingInfo","projectId":"aura-e6045","billingAccountName":"billingAccounts/014DFB-EE4700-4E6436","billingEnabled":true}
[debug] [2025-08-22T13:57:53.196Z] Checked if tokens are valid: true, expires at: 1755874592348
[debug] [2025-08-22T13:57:53.196Z] Checked if tokens are valid: true, expires at: 1755874592348
[debug] [2025-08-22T13:57:53.196Z] >>> [apiv2][query] POST https://cloudfunctions.googleapis.com/v2/projects/aura-e6045/locations/us-central1/functions:generateUploadUrl [none]
[debug] [2025-08-22T13:57:53.567Z] <<< [apiv2][status] POST https://cloudfunctions.googleapis.com/v2/projects/aura-e6045/locations/us-central1/functions:generateUploadUrl 200
[debug] [2025-08-22T13:57:53.568Z] <<< [apiv2][body] POST https://cloudfunctions.googleapis.com/v2/projects/aura-e6045/locations/us-central1/functions:generateUploadUrl {"uploadUrl":"https://storage.googleapis.com/gcf-v2-uploads-733656810098.us-central1.cloudfunctions.appspot.com/786e9034-7c66-4057-a2a9-ca5a95c7dc30.zip?GoogleAccessId=service-733656810098@gcf-admin-robot.iam.gserviceaccount.com&Expires=1755872865&Signature=A90nX8RdKgJWun6fnXpE15Kv%2FYwaPFpHavUNiSaU73xHal1jF%2Fg9DVfFTl0H1pw5qgt7%2Bn6k2JFH6BjQlohy%2BcmES9p8fcOVCIhtrbXTGxgaVJ0ugV6zorShewLkfU%2B8l2DHUJKijV2Yc8i7JgEbEubdM4EPKC3I9ycNQ%2F1dPWFPA0iWOkyuyObXQlJG8E3K3wZRATmCARC%2Fqh6jiEq%2BRiBjNSB6kLqWpHRjWYqQ7TSPfQOlewjcGOBqltocmsXVO7P9t%2Fo8HZQiD0k5xv7rxK5Eo2u%2FPBB11xay0pROxefzeKoO9JA9QU819PzOVfmY3J8pG77Scp%2F0N8mx3H4oLg%3D%3D","storageSource":{"bucket":"gcf-v2-uploads-733656810098.us-central1.cloudfunctions.appspot.com","object":"786e9034-7c66-4057-a2a9-ca5a95c7dc30.zip"}}
[debug] [2025-08-22T13:57:53.571Z] >>> [apiv2][query] PUT https://storage.googleapis.com/gcf-v2-uploads-733656810098.us-central1.cloudfunctions.appspot.com/786e9034-7c66-4057-a2a9-ca5a95c7dc30.zip GoogleAccessId=service-733656810098%40gcf-admin-robot.iam.gserviceaccount.com&Expires=1755872865&Signature=A90nX8RdKgJWun6fnXpE15Kv%2FYwaPFpHavUNiSaU73xHal1jF%2Fg9DVfFTl0H1pw5qgt7%2Bn6k2JFH6BjQlohy%2BcmES9p8fcOVCIhtrbXTGxgaVJ0ugV6zorShewLkfU%2B8l2DHUJKijV2Yc8i7JgEbEubdM4EPKC3I9ycNQ%2F1dPWFPA0iWOkyuyObXQlJG8E3K3wZRATmCARC%2Fqh6jiEq%2BRiBjNSB6kLqWpHRjWYqQ7TSPfQOlewjcGOBqltocmsXVO7P9t%2Fo8HZQiD0k5xv7rxK5Eo2u%2FPBB11xay0pROxefzeKoO9JA9QU819PzOVfmY3J8pG77Scp%2F0N8mx3H4oLg%3D%3D
[debug] [2025-08-22T13:57:53.571Z] >>> [apiv2][body] PUT https://storage.googleapis.com/gcf-v2-uploads-733656810098.us-central1.cloudfunctions.appspot.com/786e9034-7c66-4057-a2a9-ca5a95c7dc30.zip [stream]
[debug] [2025-08-22T13:57:55.070Z] <<< [apiv2][status] PUT https://storage.googleapis.com/gcf-v2-uploads-733656810098.us-central1.cloudfunctions.appspot.com/786e9034-7c66-4057-a2a9-ca5a95c7dc30.zip 200
[debug] [2025-08-22T13:57:55.070Z] <<< [apiv2][body] PUT https://storage.googleapis.com/gcf-v2-uploads-733656810098.us-central1.cloudfunctions.appspot.com/786e9034-7c66-4057-a2a9-ca5a95c7dc30.zip [omitted]
[info] +  functions: functions folder uploaded successfully 
[info] i  functions: updating Node.js 20 (2nd Gen) function createRecurringTransactions(us-central1)... 
[debug] [2025-08-22T13:57:55.078Z] Checked if tokens are valid: true, expires at: 1755874592348
[debug] [2025-08-22T13:57:55.078Z] Checked if tokens are valid: true, expires at: 1755874592348
[debug] [2025-08-22T13:57:55.079Z] >>> [apiv2][query] PATCH https://cloudfunctions.googleapis.com/v2/projects/aura-e6045/locations/us-central1/functions/createRecurringTransactions updateMask=name%2CbuildConfig.runtime%2CbuildConfig.entryPoint%2CbuildConfig.source.storageSource.bucket%2CbuildConfig.source.storageSource.object%2CbuildConfig.environmentVariables%2CbuildConfig.sourceToken%2CserviceConfig.environmentVariables%2CserviceConfig.ingressSettings%2CserviceConfig.timeoutSeconds%2CserviceConfig.serviceAccountEmail%2CserviceConfig.availableMemory%2CserviceConfig.minInstanceCount%2CserviceConfig.maxInstanceCount%2CserviceConfig.maxInstanceRequestConcurrency%2CserviceConfig.availableCpu%2CserviceConfig.vpcConnector%2CserviceConfig.vpcConnectorEgressSettings%2Clabels
[debug] [2025-08-22T13:57:55.079Z] >>> [apiv2][body] PATCH https://cloudfunctions.googleapis.com/v2/projects/aura-e6045/locations/us-central1/functions/createRecurringTransactions {"name":"projects/aura-e6045/locations/us-central1/functions/createRecurringTransactions","buildConfig":{"runtime":"nodejs20","entryPoint":"createRecurringTransactions","source":{"storageSource":{"bucket":"gcf-v2-uploads-733656810098.us-central1.cloudfunctions.appspot.com","object":"786e9034-7c66-4057-a2a9-ca5a95c7dc30.zip"}},"environmentVariables":{"GOOGLE_NODE_RUN_SCRIPTS":""}},"serviceConfig":{"environmentVariables":{"FIREBASE_CONFIG":"{\"projectId\":\"aura-e6045\",\"storageBucket\":\"aura-e6045.firebasestorage.app\"}","GCLOUD_PROJECT":"aura-e6045","EVENTARC_CLOUD_EVENT_SOURCE":"projects/aura-e6045/locations/us-central1/services/createRecurringTransactions","FUNCTION_TARGET":"createRecurringTransactions","LOG_EXECUTION_ID":"true"},"ingressSettings":null,"timeoutSeconds":null,"serviceAccountEmail":null,"availableMemory":"256Mi","minInstanceCount":null,"maxInstanceCount":null,"maxInstanceRequestConcurrency":80,"availableCpu":"1","vpcConnector":null,"vpcConnectorEgressSettings":null},"labels":{"deployment-tool":"cli-firebase","deployment-scheduled":"true","firebase-functions-hash":"26191214f8a028fc11b662a5c58831344644510c"}}
[debug] [2025-08-22T13:57:57.110Z] <<< [apiv2][status] PATCH https://cloudfunctions.googleapis.com/v2/projects/aura-e6045/locations/us-central1/functions/createRecurringTransactions 200
[debug] [2025-08-22T13:57:57.110Z] <<< [apiv2][body] PATCH https://cloudfunctions.googleapis.com/v2/projects/aura-e6045/locations/us-central1/functions/createRecurringTransactions {"name":"projects/aura-e6045/locations/us-central1/operations/operation-1755871067794-63cf497446ae1-ffa697d4-53a8306c","metadata":{"@type":"type.googleapis.com/google.cloud.functions.v2.OperationMetadata","createTime":"2025-08-22T13:57:48.822423241Z","target":"projects/aura-e6045/locations/us-central1/functions/createRecurringTransactions","verb":"update","cancelRequested":false,"apiVersion":"v2"},"done":false}
[debug] [2025-08-22T13:57:57.111Z] Checked if tokens are valid: true, expires at: 1755874592348
[debug] [2025-08-22T13:57:57.112Z] Checked if tokens are valid: true, expires at: 1755874592348
[debug] [2025-08-22T13:57:57.112Z] >>> [apiv2][query] GET https://cloudfunctions.googleapis.com/v2/projects/aura-e6045/locations/us-central1/operations/operation-1755871067794-63cf497446ae1-ffa697d4-53a8306c [none]
[debug] [2025-08-22T13:57:58.055Z] <<< [apiv2][status] GET https://cloudfunctions.googleapis.com/v2/projects/aura-e6045/locations/us-central1/operations/operation-1755871067794-63cf497446ae1-ffa697d4-53a8306c 200
[debug] [2025-08-22T13:57:58.055Z] <<< [apiv2][body] GET https://cloudfunctions.googleapis.com/v2/projects/aura-e6045/locations/us-central1/operations/operation-1755871067794-63cf497446ae1-ffa697d4-53a8306c {"name":"projects/aura-e6045/locations/us-central1/operations/operation-1755871067794-63cf497446ae1-ffa697d4-53a8306c","metadata":{"@type":"type.googleapis.com/google.cloud.functions.v2.OperationMetadata","createTime":"2025-08-22T13:57:48.822423241Z","target":"projects/aura-e6045/locations/us-central1/functions/createRecurringTransactions","verb":"update","cancelRequested":false,"apiVersion":"v2","requestResource":{"@type":"type.googleapis.com/google.cloud.functions.v2.Function","name":"projects/aura-e6045/locations/us-central1/functions/createRecurringTransactions","buildConfig":{"runtime":"nodejs20","entryPoint":"createRecurringTransactions","source":{"storageSource":{"bucket":"gcf-v2-sources-733656810098-us-central1","object":"createRecurringTransactions/function-source.zip","generation":"1755871068757123"}},"environmentVariables":{"GOOGLE_NODE_RUN_SCRIPTS":""},"dockerRepository":"projects/aura-e6045/locations/us-central1/repositories/gcf-artifacts","sourceProvenance":{"resolvedStorageSource":{"bucket":"gcf-v2-sources-733656810098-us-central1","object":"createRecurringTransactions/function-source.zip","generation":"1754330924108576"}},"dockerRegistry":"ARTIFACT_REGISTRY","serviceAccount":"projects/aura-e6045/serviceAccounts/733656810098-compute@developer.gserviceaccount.com","automaticUpdatePolicy":{}},"serviceConfig":{"service":"projects/aura-e6045/locations/us-central1/services/createrecurringtransactions","timeoutSeconds":60,"environmentVariables":{"FIREBASE_CONFIG":"{\"projectId\":\"aura-e6045\",\"storageBucket\":\"aura-e6045.firebasestorage.app\"}","GCLOUD_PROJECT":"aura-e6045","EVENTARC_CLOUD_EVENT_SOURCE":"projects/aura-e6045/locations/us-central1/services/createRecurringTransactions","FUNCTION_TARGET":"createRecurringTransactions","LOG_EXECUTION_ID":"true"},"ingressSettings":"ALLOW_ALL","uri":"https://createrecurringtransactions-eh3gqgnlua-uc.a.run.app","serviceAccountEmail":"733656810098-compute@developer.gserviceaccount.com","availableMemory":"256Mi","allTrafficOnLatestRevision":true,"revision":"createrecurringtransactions-00003-rej","maxInstanceRequestConcurrency":80,"availableCpu":"1"},"state":"ACTIVE","labels":{"deployment-tool":"cli-firebase","deployment-scheduled":"true","firebase-functions-hash":"26191214f8a028fc11b662a5c58831344644510c"},"environment":"GEN_2","url":"https://us-central1-aura-e6045.cloudfunctions.net/createRecurringTransactions","satisfiesPzi":true},"stages":[{"name":"BUILD","state":"NOT_STARTED"},{"name":"SERVICE","state":"NOT_STARTED"}],"operationType":"UPDATE_FUNCTION"},"done":false}
[debug] [2025-08-22T13:57:58.567Z] [update-default-us-central1-createRecurringTransactions] Retrying task index 0
[debug] [2025-08-22T13:57:58.568Z] Checked if tokens are valid: true, expires at: 1755874592348
[debug] [2025-08-22T13:57:58.568Z] Checked if tokens are valid: true, expires at: 1755874592348
[debug] [2025-08-22T13:57:58.568Z] >>> [apiv2][query] GET https://cloudfunctions.googleapis.com/v2/projects/aura-e6045/locations/us-central1/operations/operation-1755871067794-63cf497446ae1-ffa697d4-53a8306c [none]
[debug] [2025-08-22T13:57:59.633Z] <<< [apiv2][status] GET https://cloudfunctions.googleapis.com/v2/projects/aura-e6045/locations/us-central1/operations/operation-1755871067794-63cf497446ae1-ffa697d4-53a8306c 200
[debug] [2025-08-22T13:57:59.633Z] <<< [apiv2][body] GET https://cloudfunctions.googleapis.com/v2/projects/aura-e6045/locations/us-central1/operations/operation-1755871067794-63cf497446ae1-ffa697d4-53a8306c {"name":"projects/aura-e6045/locations/us-central1/operations/operation-1755871067794-63cf497446ae1-ffa697d4-53a8306c","metadata":{"@type":"type.googleapis.com/google.cloud.functions.v2.OperationMetadata","createTime":"2025-08-22T13:57:48.822423241Z","target":"projects/aura-e6045/locations/us-central1/functions/createRecurringTransactions","verb":"update","cancelRequested":false,"apiVersion":"v2","requestResource":{"@type":"type.googleapis.com/google.cloud.functions.v2.Function","name":"projects/aura-e6045/locations/us-central1/functions/createRecurringTransactions","buildConfig":{"runtime":"nodejs20","entryPoint":"createRecurringTransactions","source":{"storageSource":{"bucket":"gcf-v2-sources-733656810098-us-central1","object":"createRecurringTransactions/function-source.zip","generation":"1755871068757123"}},"environmentVariables":{"GOOGLE_NODE_RUN_SCRIPTS":""},"dockerRepository":"projects/aura-e6045/locations/us-central1/repositories/gcf-artifacts","sourceProvenance":{"resolvedStorageSource":{"bucket":"gcf-v2-sources-733656810098-us-central1","object":"createRecurringTransactions/function-source.zip","generation":"1754330924108576"}},"dockerRegistry":"ARTIFACT_REGISTRY","serviceAccount":"projects/aura-e6045/serviceAccounts/733656810098-compute@developer.gserviceaccount.com","automaticUpdatePolicy":{}},"serviceConfig":{"service":"projects/aura-e6045/locations/us-central1/services/createrecurringtransactions","timeoutSeconds":60,"environmentVariables":{"FIREBASE_CONFIG":"{\"projectId\":\"aura-e6045\",\"storageBucket\":\"aura-e6045.firebasestorage.app\"}","GCLOUD_PROJECT":"aura-e6045","EVENTARC_CLOUD_EVENT_SOURCE":"projects/aura-e6045/locations/us-central1/services/createRecurringTransactions","FUNCTION_TARGET":"createRecurringTransactions","LOG_EXECUTION_ID":"true"},"ingressSettings":"ALLOW_ALL","uri":"https://createrecurringtransactions-eh3gqgnlua-uc.a.run.app","serviceAccountEmail":"733656810098-compute@developer.gserviceaccount.com","availableMemory":"256Mi","allTrafficOnLatestRevision":true,"revision":"createrecurringtransactions-00003-rej","maxInstanceRequestConcurrency":80,"availableCpu":"1"},"state":"ACTIVE","labels":{"deployment-tool":"cli-firebase","deployment-scheduled":"true","firebase-functions-hash":"26191214f8a028fc11b662a5c58831344644510c"},"environment":"GEN_2","url":"https://us-central1-aura-e6045.cloudfunctions.net/createRecurringTransactions","satisfiesPzi":true},"stages":[{"name":"BUILD","message":"Build in progress","state":"IN_PROGRESS","resource":"projects/733656810098/locations/us-central1/builds/00eb52da-3afb-428b-96cb-8a824c3772f2","resourceUri":"https://console.cloud.google.com/cloud-build/builds;region=us-central1/00eb52da-3afb-428b-96cb-8a824c3772f2?project=733656810098"},{"name":"SERVICE","state":"NOT_STARTED"}],"operationType":"UPDATE_FUNCTION","buildName":"projects/733656810098/locations/us-central1/builds/00eb52da-3afb-428b-96cb-8a824c3772f2"},"done":false}
[debug] [2025-08-22T13:58:00.637Z] [update-default-us-central1-createRecurringTransactions] Retrying task index 0
[debug] [2025-08-22T13:58:00.637Z] Checked if tokens are valid: true, expires at: 1755874592348
[debug] [2025-08-22T13:58:00.637Z] Checked if tokens are valid: true, expires at: 1755874592348
[debug] [2025-08-22T13:58:00.637Z] >>> [apiv2][query] GET https://cloudfunctions.googleapis.com/v2/projects/aura-e6045/locations/us-central1/operations/operation-1755871067794-63cf497446ae1-ffa697d4-53a8306c [none]
[debug] [2025-08-22T13:58:00.906Z] <<< [apiv2][status] GET https://cloudfunctions.googleapis.com/v2/projects/aura-e6045/locations/us-central1/operations/operation-1755871067794-63cf497446ae1-ffa697d4-53a8306c 200
[debug] [2025-08-22T13:58:00.906Z] <<< [apiv2][body] GET https://cloudfunctions.googleapis.com/v2/projects/aura-e6045/locations/us-central1/operations/operation-1755871067794-63cf497446ae1-ffa697d4-53a8306c {"name":"projects/aura-e6045/locations/us-central1/operations/operation-1755871067794-63cf497446ae1-ffa697d4-53a8306c","metadata":{"@type":"type.googleapis.com/google.cloud.functions.v2.OperationMetadata","createTime":"2025-08-22T13:57:48.822423241Z","target":"projects/aura-e6045/locations/us-central1/functions/createRecurringTransactions","verb":"update","cancelRequested":false,"apiVersion":"v2","requestResource":{"@type":"type.googleapis.com/google.cloud.functions.v2.Function","name":"projects/aura-e6045/locations/us-central1/functions/createRecurringTransactions","buildConfig":{"runtime":"nodejs20","entryPoint":"createRecurringTransactions","source":{"storageSource":{"bucket":"gcf-v2-sources-733656810098-us-central1","object":"createRecurringTransactions/function-source.zip","generation":"1755871068757123"}},"environmentVariables":{"GOOGLE_NODE_RUN_SCRIPTS":""},"dockerRepository":"projects/aura-e6045/locations/us-central1/repositories/gcf-artifacts","sourceProvenance":{"resolvedStorageSource":{"bucket":"gcf-v2-sources-733656810098-us-central1","object":"createRecurringTransactions/function-source.zip","generation":"1754330924108576"}},"dockerRegistry":"ARTIFACT_REGISTRY","serviceAccount":"projects/aura-e6045/serviceAccounts/733656810098-compute@developer.gserviceaccount.com","automaticUpdatePolicy":{}},"serviceConfig":{"service":"projects/aura-e6045/locations/us-central1/services/createrecurringtransactions","timeoutSeconds":60,"environmentVariables":{"FIREBASE_CONFIG":"{\"projectId\":\"aura-e6045\",\"storageBucket\":\"aura-e6045.firebasestorage.app\"}","GCLOUD_PROJECT":"aura-e6045","EVENTARC_CLOUD_EVENT_SOURCE":"projects/aura-e6045/locations/us-central1/services/createRecurringTransactions","FUNCTION_TARGET":"createRecurringTransactions","LOG_EXECUTION_ID":"true"},"ingressSettings":"ALLOW_ALL","uri":"https://createrecurringtransactions-eh3gqgnlua-uc.a.run.app","serviceAccountEmail":"733656810098-compute@developer.gserviceaccount.com","availableMemory":"256Mi","allTrafficOnLatestRevision":true,"revision":"createrecurringtransactions-00003-rej","maxInstanceRequestConcurrency":80,"availableCpu":"1"},"state":"ACTIVE","labels":{"deployment-tool":"cli-firebase","deployment-scheduled":"true","firebase-functions-hash":"26191214f8a028fc11b662a5c58831344644510c"},"environment":"GEN_2","url":"https://us-central1-aura-e6045.cloudfunctions.net/createRecurringTransactions","satisfiesPzi":true},"stages":[{"name":"BUILD","message":"Build in progress","state":"IN_PROGRESS","resource":"projects/733656810098/locations/us-central1/builds/00eb52da-3afb-428b-96cb-8a824c3772f2","resourceUri":"https://console.cloud.google.com/cloud-build/builds;region=us-central1/00eb52da-3afb-428b-96cb-8a824c3772f2?project=733656810098"},{"name":"SERVICE","state":"NOT_STARTED"}],"operationType":"UPDATE_FUNCTION","buildName":"projects/733656810098/locations/us-central1/builds/00eb52da-3afb-428b-96cb-8a824c3772f2"},"done":false}
[debug] [2025-08-22T13:58:02.912Z] [update-default-us-central1-createRecurringTransactions] Retrying task index 0
[debug] [2025-08-22T13:58:02.913Z] Checked if tokens are valid: true, expires at: 1755874592348
[debug] [2025-08-22T13:58:02.913Z] Checked if tokens are valid: true, expires at: 1755874592348
[debug] [2025-08-22T13:58:02.913Z] >>> [apiv2][query] GET https://cloudfunctions.googleapis.com/v2/projects/aura-e6045/locations/us-central1/operations/operation-1755871067794-63cf497446ae1-ffa697d4-53a8306c [none]
[debug] [2025-08-22T13:58:03.185Z] <<< [apiv2][status] GET https://cloudfunctions.googleapis.com/v2/projects/aura-e6045/locations/us-central1/operations/operation-1755871067794-63cf497446ae1-ffa697d4-53a8306c 200
[debug] [2025-08-22T13:58:03.186Z] <<< [apiv2][body] GET https://cloudfunctions.googleapis.com/v2/projects/aura-e6045/locations/us-central1/operations/operation-1755871067794-63cf497446ae1-ffa697d4-53a8306c {"name":"projects/aura-e6045/locations/us-central1/operations/operation-1755871067794-63cf497446ae1-ffa697d4-53a8306c","metadata":{"@type":"type.googleapis.com/google.cloud.functions.v2.OperationMetadata","createTime":"2025-08-22T13:57:48.822423241Z","target":"projects/aura-e6045/locations/us-central1/functions/createRecurringTransactions","verb":"update","cancelRequested":false,"apiVersion":"v2","requestResource":{"@type":"type.googleapis.com/google.cloud.functions.v2.Function","name":"projects/aura-e6045/locations/us-central1/functions/createRecurringTransactions","buildConfig":{"runtime":"nodejs20","entryPoint":"createRecurringTransactions","source":{"storageSource":{"bucket":"gcf-v2-sources-733656810098-us-central1","object":"createRecurringTransactions/function-source.zip","generation":"1755871068757123"}},"environmentVariables":{"GOOGLE_NODE_RUN_SCRIPTS":""},"dockerRepository":"projects/aura-e6045/locations/us-central1/repositories/gcf-artifacts","sourceProvenance":{"resolvedStorageSource":{"bucket":"gcf-v2-sources-733656810098-us-central1","object":"createRecurringTransactions/function-source.zip","generation":"1754330924108576"}},"dockerRegistry":"ARTIFACT_REGISTRY","serviceAccount":"projects/aura-e6045/serviceAccounts/733656810098-compute@developer.gserviceaccount.com","automaticUpdatePolicy":{}},"serviceConfig":{"service":"projects/aura-e6045/locations/us-central1/services/createrecurringtransactions","timeoutSeconds":60,"environmentVariables":{"FIREBASE_CONFIG":"{\"projectId\":\"aura-e6045\",\"storageBucket\":\"aura-e6045.firebasestorage.app\"}","GCLOUD_PROJECT":"aura-e6045","EVENTARC_CLOUD_EVENT_SOURCE":"projects/aura-e6045/locations/us-central1/services/createRecurringTransactions","FUNCTION_TARGET":"createRecurringTransactions","LOG_EXECUTION_ID":"true"},"ingressSettings":"ALLOW_ALL","uri":"https://createrecurringtransactions-eh3gqgnlua-uc.a.run.app","serviceAccountEmail":"733656810098-compute@developer.gserviceaccount.com","availableMemory":"256Mi","allTrafficOnLatestRevision":true,"revision":"createrecurringtransactions-00003-rej","maxInstanceRequestConcurrency":80,"availableCpu":"1"},"state":"ACTIVE","labels":{"deployment-tool":"cli-firebase","deployment-scheduled":"true","firebase-functions-hash":"26191214f8a028fc11b662a5c58831344644510c"},"environment":"GEN_2","url":"https://us-central1-aura-e6045.cloudfunctions.net/createRecurringTransactions","satisfiesPzi":true},"stages":[{"name":"BUILD","message":"Build in progress","state":"IN_PROGRESS","resource":"projects/733656810098/locations/us-central1/builds/00eb52da-3afb-428b-96cb-8a824c3772f2","resourceUri":"https://console.cloud.google.com/cloud-build/builds;region=us-central1/00eb52da-3afb-428b-96cb-8a824c3772f2?project=733656810098"},{"name":"SERVICE","state":"NOT_STARTED"}],"operationType":"UPDATE_FUNCTION","buildName":"projects/733656810098/locations/us-central1/builds/00eb52da-3afb-428b-96cb-8a824c3772f2"},"done":false}
[debug] [2025-08-22T13:58:07.194Z] [update-default-us-central1-createRecurringTransactions] Retrying task index 0
[debug] [2025-08-22T13:58:07.195Z] Checked if tokens are valid: true, expires at: 1755874592348
[debug] [2025-08-22T13:58:07.195Z] Checked if tokens are valid: true, expires at: 1755874592348
[debug] [2025-08-22T13:58:07.195Z] >>> [apiv2][query] GET https://cloudfunctions.googleapis.com/v2/projects/aura-e6045/locations/us-central1/operations/operation-1755871067794-63cf497446ae1-ffa697d4-53a8306c [none]
[debug] [2025-08-22T13:58:07.457Z] <<< [apiv2][status] GET https://cloudfunctions.googleapis.com/v2/projects/aura-e6045/locations/us-central1/operations/operation-1755871067794-63cf497446ae1-ffa697d4-53a8306c 200
[debug] [2025-08-22T13:58:07.458Z] <<< [apiv2][body] GET https://cloudfunctions.googleapis.com/v2/projects/aura-e6045/locations/us-central1/operations/operation-1755871067794-63cf497446ae1-ffa697d4-53a8306c {"name":"projects/aura-e6045/locations/us-central1/operations/operation-1755871067794-63cf497446ae1-ffa697d4-53a8306c","metadata":{"@type":"type.googleapis.com/google.cloud.functions.v2.OperationMetadata","createTime":"2025-08-22T13:57:48.822423241Z","target":"projects/aura-e6045/locations/us-central1/functions/createRecurringTransactions","verb":"update","cancelRequested":false,"apiVersion":"v2","requestResource":{"@type":"type.googleapis.com/google.cloud.functions.v2.Function","name":"projects/aura-e6045/locations/us-central1/functions/createRecurringTransactions","buildConfig":{"runtime":"nodejs20","entryPoint":"createRecurringTransactions","source":{"storageSource":{"bucket":"gcf-v2-sources-733656810098-us-central1","object":"createRecurringTransactions/function-source.zip","generation":"1755871068757123"}},"environmentVariables":{"GOOGLE_NODE_RUN_SCRIPTS":""},"dockerRepository":"projects/aura-e6045/locations/us-central1/repositories/gcf-artifacts","sourceProvenance":{"resolvedStorageSource":{"bucket":"gcf-v2-sources-733656810098-us-central1","object":"createRecurringTransactions/function-source.zip","generation":"1754330924108576"}},"dockerRegistry":"ARTIFACT_REGISTRY","serviceAccount":"projects/aura-e6045/serviceAccounts/733656810098-compute@developer.gserviceaccount.com","automaticUpdatePolicy":{}},"serviceConfig":{"service":"projects/aura-e6045/locations/us-central1/services/createrecurringtransactions","timeoutSeconds":60,"environmentVariables":{"FIREBASE_CONFIG":"{\"projectId\":\"aura-e6045\",\"storageBucket\":\"aura-e6045.firebasestorage.app\"}","GCLOUD_PROJECT":"aura-e6045","EVENTARC_CLOUD_EVENT_SOURCE":"projects/aura-e6045/locations/us-central1/services/createRecurringTransactions","FUNCTION_TARGET":"createRecurringTransactions","LOG_EXECUTION_ID":"true"},"ingressSettings":"ALLOW_ALL","uri":"https://createrecurringtransactions-eh3gqgnlua-uc.a.run.app","serviceAccountEmail":"733656810098-compute@developer.gserviceaccount.com","availableMemory":"256Mi","allTrafficOnLatestRevision":true,"revision":"createrecurringtransactions-00003-rej","maxInstanceRequestConcurrency":80,"availableCpu":"1"},"state":"ACTIVE","labels":{"deployment-tool":"cli-firebase","deployment-scheduled":"true","firebase-functions-hash":"26191214f8a028fc11b662a5c58831344644510c"},"environment":"GEN_2","url":"https://us-central1-aura-e6045.cloudfunctions.net/createRecurringTransactions","satisfiesPzi":true},"stages":[{"name":"BUILD","message":"Build in progress","state":"IN_PROGRESS","resource":"projects/733656810098/locations/us-central1/builds/00eb52da-3afb-428b-96cb-8a824c3772f2","resourceUri":"https://console.cloud.google.com/cloud-build/builds;region=us-central1/00eb52da-3afb-428b-96cb-8a824c3772f2?project=733656810098"},{"name":"SERVICE","state":"NOT_STARTED"}],"operationType":"UPDATE_FUNCTION","buildName":"projects/733656810098/locations/us-central1/builds/00eb52da-3afb-428b-96cb-8a824c3772f2"},"done":false}
[debug] [2025-08-22T13:58:15.460Z] [update-default-us-central1-createRecurringTransactions] Retrying task index 0
[debug] [2025-08-22T13:58:15.461Z] Checked if tokens are valid: true, expires at: 1755874592348
[debug] [2025-08-22T13:58:15.461Z] Checked if tokens are valid: true, expires at: 1755874592348
[debug] [2025-08-22T13:58:15.462Z] >>> [apiv2][query] GET https://cloudfunctions.googleapis.com/v2/projects/aura-e6045/locations/us-central1/operations/operation-1755871067794-63cf497446ae1-ffa697d4-53a8306c [none]
[debug] [2025-08-22T13:58:16.503Z] <<< [apiv2][status] GET https://cloudfunctions.googleapis.com/v2/projects/aura-e6045/locations/us-central1/operations/operation-1755871067794-63cf497446ae1-ffa697d4-53a8306c 200
[debug] [2025-08-22T13:58:16.503Z] <<< [apiv2][body] GET https://cloudfunctions.googleapis.com/v2/projects/aura-e6045/locations/us-central1/operations/operation-1755871067794-63cf497446ae1-ffa697d4-53a8306c {"name":"projects/aura-e6045/locations/us-central1/operations/operation-1755871067794-63cf497446ae1-ffa697d4-53a8306c","metadata":{"@type":"type.googleapis.com/google.cloud.functions.v2.OperationMetadata","createTime":"2025-08-22T13:57:48.822423241Z","target":"projects/aura-e6045/locations/us-central1/functions/createRecurringTransactions","verb":"update","cancelRequested":false,"apiVersion":"v2","requestResource":{"@type":"type.googleapis.com/google.cloud.functions.v2.Function","name":"projects/aura-e6045/locations/us-central1/functions/createRecurringTransactions","buildConfig":{"runtime":"nodejs20","entryPoint":"createRecurringTransactions","source":{"storageSource":{"bucket":"gcf-v2-sources-733656810098-us-central1","object":"createRecurringTransactions/function-source.zip","generation":"1755871068757123"}},"environmentVariables":{"GOOGLE_NODE_RUN_SCRIPTS":""},"dockerRepository":"projects/aura-e6045/locations/us-central1/repositories/gcf-artifacts","sourceProvenance":{"resolvedStorageSource":{"bucket":"gcf-v2-sources-733656810098-us-central1","object":"createRecurringTransactions/function-source.zip","generation":"1754330924108576"}},"dockerRegistry":"ARTIFACT_REGISTRY","serviceAccount":"projects/aura-e6045/serviceAccounts/733656810098-compute@developer.gserviceaccount.com","automaticUpdatePolicy":{}},"serviceConfig":{"service":"projects/aura-e6045/locations/us-central1/services/createrecurringtransactions","timeoutSeconds":60,"environmentVariables":{"FIREBASE_CONFIG":"{\"projectId\":\"aura-e6045\",\"storageBucket\":\"aura-e6045.firebasestorage.app\"}","GCLOUD_PROJECT":"aura-e6045","EVENTARC_CLOUD_EVENT_SOURCE":"projects/aura-e6045/locations/us-central1/services/createRecurringTransactions","FUNCTION_TARGET":"createRecurringTransactions","LOG_EXECUTION_ID":"true"},"ingressSettings":"ALLOW_ALL","uri":"https://createrecurringtransactions-eh3gqgnlua-uc.a.run.app","serviceAccountEmail":"733656810098-compute@developer.gserviceaccount.com","availableMemory":"256Mi","allTrafficOnLatestRevision":true,"revision":"createrecurringtransactions-00003-rej","maxInstanceRequestConcurrency":80,"availableCpu":"1"},"state":"ACTIVE","labels":{"deployment-tool":"cli-firebase","deployment-scheduled":"true","firebase-functions-hash":"26191214f8a028fc11b662a5c58831344644510c"},"environment":"GEN_2","url":"https://us-central1-aura-e6045.cloudfunctions.net/createRecurringTransactions","satisfiesPzi":true},"stages":[{"name":"BUILD","message":"Build in progress","state":"IN_PROGRESS","resource":"projects/733656810098/locations/us-central1/builds/00eb52da-3afb-428b-96cb-8a824c3772f2","resourceUri":"https://console.cloud.google.com/cloud-build/builds;region=us-central1/00eb52da-3afb-428b-96cb-8a824c3772f2?project=733656810098"},{"name":"SERVICE","state":"NOT_STARTED"}],"operationType":"UPDATE_FUNCTION","buildName":"projects/733656810098/locations/us-central1/builds/00eb52da-3afb-428b-96cb-8a824c3772f2"},"done":false}
[debug] [2025-08-22T13:58:26.515Z] [update-default-us-central1-createRecurringTransactions] Retrying task index 0
[debug] [2025-08-22T13:58:26.516Z] Checked if tokens are valid: true, expires at: 1755874592348
[debug] [2025-08-22T13:58:26.516Z] Checked if tokens are valid: true, expires at: 1755874592348
[debug] [2025-08-22T13:58:26.516Z] >>> [apiv2][query] GET https://cloudfunctions.googleapis.com/v2/projects/aura-e6045/locations/us-central1/operations/operation-1755871067794-63cf497446ae1-ffa697d4-53a8306c [none]
[debug] [2025-08-22T13:58:26.896Z] <<< [apiv2][status] GET https://cloudfunctions.googleapis.com/v2/projects/aura-e6045/locations/us-central1/operations/operation-1755871067794-63cf497446ae1-ffa697d4-53a8306c 200
[debug] [2025-08-22T13:58:26.896Z] <<< [apiv2][body] GET https://cloudfunctions.googleapis.com/v2/projects/aura-e6045/locations/us-central1/operations/operation-1755871067794-63cf497446ae1-ffa697d4-53a8306c {"name":"projects/aura-e6045/locations/us-central1/operations/operation-1755871067794-63cf497446ae1-ffa697d4-53a8306c","metadata":{"@type":"type.googleapis.com/google.cloud.functions.v2.OperationMetadata","createTime":"2025-08-22T13:57:48.822423241Z","endTime":"2025-08-22T13:58:09.832354310Z","target":"projects/aura-e6045/locations/us-central1/functions/createRecurringTransactions","verb":"update","cancelRequested":false,"apiVersion":"v2","requestResource":{"@type":"type.googleapis.com/google.cloud.functions.v2.Function","name":"projects/aura-e6045/locations/us-central1/functions/createRecurringTransactions","buildConfig":{"runtime":"nodejs20","entryPoint":"createRecurringTransactions","source":{"storageSource":{"bucket":"gcf-v2-sources-733656810098-us-central1","object":"createRecurringTransactions/function-source.zip","generation":"1755871068757123"}},"environmentVariables":{"GOOGLE_NODE_RUN_SCRIPTS":""},"dockerRepository":"projects/aura-e6045/locations/us-central1/repositories/gcf-artifacts","sourceProvenance":{"resolvedStorageSource":{"bucket":"gcf-v2-sources-733656810098-us-central1","object":"createRecurringTransactions/function-source.zip","generation":"1754330924108576"}},"dockerRegistry":"ARTIFACT_REGISTRY","serviceAccount":"projects/aura-e6045/serviceAccounts/733656810098-compute@developer.gserviceaccount.com","automaticUpdatePolicy":{}},"serviceConfig":{"service":"projects/aura-e6045/locations/us-central1/services/createrecurringtransactions","timeoutSeconds":60,"environmentVariables":{"FIREBASE_CONFIG":"{\"projectId\":\"aura-e6045\",\"storageBucket\":\"aura-e6045.firebasestorage.app\"}","GCLOUD_PROJECT":"aura-e6045","EVENTARC_CLOUD_EVENT_SOURCE":"projects/aura-e6045/locations/us-central1/services/createRecurringTransactions","FUNCTION_TARGET":"createRecurringTransactions","LOG_EXECUTION_ID":"true"},"ingressSettings":"ALLOW_ALL","uri":"https://createrecurringtransactions-eh3gqgnlua-uc.a.run.app","serviceAccountEmail":"733656810098-compute@developer.gserviceaccount.com","availableMemory":"256Mi","allTrafficOnLatestRevision":true,"revision":"createrecurringtransactions-00003-rej","maxInstanceRequestConcurrency":80,"availableCpu":"1"},"state":"ACTIVE","labels":{"deployment-tool":"cli-firebase","deployment-scheduled":"true","firebase-functions-hash":"26191214f8a028fc11b662a5c58831344644510c"},"environment":"GEN_2","url":"https://us-central1-aura-e6045.cloudfunctions.net/createRecurringTransactions","satisfiesPzi":true},"stages":[{"name":"SERVICE","state":"NOT_STARTED"}],"operationType":"UPDATE_FUNCTION"},"done":true,"error":{"code":3,"message":"Build failed with status: FAILURE. Could not build the function due to a missing permission on the build service account. If you didn't revoke that permission explicitly, this could be caused by a change in the organization policies. Please refer to the following documentation for more details and resolution: https://cloud.google.com/functions/docs/troubleshooting#build-service-account\n You can also view the logs at https://console.cloud.google.com/cloud-build/builds;region=us-central1/00eb52da-3afb-428b-96cb-8a824c3772f2?project=733656810098.\n"}}
[debug] [2025-08-22T13:58:26.896Z] Got source token undefined for region us-central1
[error] Build failed with status: FAILURE. Could not build the function due to a missing permission on the build service account. If you didn't revoke that permission explicitly, this could be caused by a change in the organization policies. Please refer to the following documentation for more details and resolution: https://cloud.google.com/functions/docs/troubleshooting#build-service-account
 You can also view the logs at https://console.cloud.google.com/cloud-build/builds;region=us-central1/00eb52da-3afb-428b-96cb-8a824c3772f2?project=733656810098.

[debug] [2025-08-22T13:58:26.909Z] Total Function Deployment time: 31822
[debug] [2025-08-22T13:58:26.909Z] 1 Functions Deployed
[debug] [2025-08-22T13:58:26.909Z] 1 Functions Errored
[debug] [2025-08-22T13:58:26.909Z] 0 Function Deployments Aborted
[debug] [2025-08-22T13:58:26.909Z] Average Function Deployment time: 31821
[info] 
[info] Functions deploy had errors with the following functions:
	createRecurringTransactions(us-central1)
[debug] [2025-08-22T13:58:27.108Z] Checked if tokens are valid: true, expires at: 1755874592348
[debug] [2025-08-22T13:58:27.108Z] Checked if tokens are valid: true, expires at: 1755874592348
[debug] [2025-08-22T13:58:27.108Z] >>> [apiv2][query] GET https://artifactregistry.googleapis.com/v1/projects/aura-e6045/locations/us-central1/repositories/gcf-artifacts [none]
[debug] [2025-08-22T13:58:28.376Z] <<< [apiv2][status] GET https://artifactregistry.googleapis.com/v1/projects/aura-e6045/locations/us-central1/repositories/gcf-artifacts 200
[debug] [2025-08-22T13:58:28.376Z] <<< [apiv2][body] GET https://artifactregistry.googleapis.com/v1/projects/aura-e6045/locations/us-central1/repositories/gcf-artifacts {"name":"projects/aura-e6045/locations/us-central1/repositories/gcf-artifacts","format":"DOCKER","description":"This repository is created and used by Cloud Functions for storing function docker images.","labels":{"goog-managed-by":"cloudfunctions"},"createTime":"2025-07-22T17:24:44.006894Z","updateTime":"2025-08-05T19:38:28.685034Z","mode":"STANDARD_REPOSITORY","cleanupPolicies":{"firebase-functions-cleanup":{"id":"firebase-functions-cleanup","action":"DELETE","condition":{"tagState":"ANY","olderThan":"86400s"}}},"vulnerabilityScanningConfig":{"lastEnableTime":"2025-07-22T17:24:35.678757594Z","enablementState":"SCANNING_DISABLED","enablementStateReason":"API containerscanning.googleapis.com is not enabled."},"satisfiesPzi":true,"registryUri":"us-central1-docker.pkg.dev/aura-e6045/gcf-artifacts"}
[debug] [2025-08-22T13:58:28.377Z] Functions deploy failed.
[debug] [2025-08-22T13:58:28.377Z] {
  "endpoint": {
    "id": "createRecurringTransactions",
    "project": "aura-e6045",
    "region": "us-central1",
    "entryPoint": "createRecurringTransactions",
    "platform": "gcfv2",
    "runtime": "nodejs20",
    "scheduleTrigger": {
      "schedule": "every day 01:00",
      "timeZone": "America/Sao_Paulo",
      "retryConfig": {}
    },
    "labels": {
      "deployment-tool": "cli-firebase"
    },
    "serviceAccount": null,
    "ingressSettings": null,
    "availableMemoryMb": null,
    "timeoutSeconds": null,
    "maxInstances": null,
    "minInstances": null,
    "concurrency": 80,
    "vpc": null,
    "environmentVariables": {
      "FIREBASE_CONFIG": "{\"projectId\":\"aura-e6045\",\"storageBucket\":\"aura-e6045.firebasestorage.app\"}",
      "GCLOUD_PROJECT": "aura-e6045",
      "EVENTARC_CLOUD_EVENT_SOURCE": "projects/aura-e6045/locations/us-central1/services/createRecurringTransactions",
      "FUNCTION_TARGET": "createRecurringTransactions",
      "LOG_EXECUTION_ID": "true"
    },
    "codebase": "default",
    "runServiceId": "createrecurringtransactions",
    "cpu": 1,
    "securityLevel": "SECURE_ALWAYS",
    "targetedByOnly": false,
    "hash": "26191214f8a028fc11b662a5c58831344644510c"
  },
  "op": "update",
  "original": {
    "name": "FirebaseError",
    "children": [],
    "exit": 1,
    "message": "Build failed with status: FAILURE. Could not build the function due to a missing permission on the build service account. If you didn't revoke that permission explicitly, this could be caused by a change in the organization policies. Please refer to the following documentation for more details and resolution: https://cloud.google.com/functions/docs/troubleshooting#build-service-account\n You can also view the logs at https://console.cloud.google.com/cloud-build/builds;region=us-central1/00eb52da-3afb-428b-96cb-8a824c3772f2?project=733656810098.\n",
    "original": {
      "code": 3,
      "message": "Build failed with status: FAILURE. Could not build the function due to a missing permission on the build service account. If you didn't revoke that permission explicitly, this could be caused by a change in the organization policies. Please refer to the following documentation for more details and resolution: https://cloud.google.com/functions/docs/troubleshooting#build-service-account\n You can also view the logs at https://console.cloud.google.com/cloud-build/builds;region=us-central1/00eb52da-3afb-428b-96cb-8a824c3772f2?project=733656810098.\n"
    },
    "status": 3,
    "code": 3
  }
}
[debug] [2025-08-22T13:58:28.460Z] Error: Failed to update function createRecurringTransactions in region us-central1
    at C:\Users\moniq\AppData\Roaming\npm\node_modules\firebase-tools\lib\deploy\functions\release\fabricator.js:399:19
    at process.processTicksAndRejections (node:internal/process/task_queues:95:5)
    at async Fabricator.updateV2Function (C:\Users\moniq\AppData\Roaming\npm\node_modules\firebase-tools\lib\deploy\functions\release\fabricator.js:388:32)
    at async Fabricator.updateEndpoint (C:\Users\moniq\AppData\Roaming\npm\node_modules\firebase-tools\lib\deploy\functions\release\fabricator.js:155:13)
    at async handle (C:\Users\moniq\AppData\Roaming\npm\node_modules\firebase-tools\lib\deploy\functions\release\fabricator.js:89:17)
[error] 
[error] Error: There was an error deploying functions
